\BOOKMARK [0][-]{chapter*.1}{摘要}{}
\BOOKMARK [0][-]{chapter*.2}{ABSTRACT}{}
\BOOKMARK [0][-]{chapter*.3}{目 \040录}{}
\BOOKMARK [0][-]{chapter*.5}{插图索引}{}
\BOOKMARK [0][-]{chapter*.5}{表格索引}{}
\BOOKMARK [0][-]{chapter*.6}{主要符号对照表}{}
\BOOKMARK [0][-]{chapter.1}{第一章 \040绪论}{}
\BOOKMARK [1][-]{section.1.1}{1.1 参考文献说明}{chapter.1}
\BOOKMARK [1][-]{section.1.2}{1.2 小节名2}{chapter.1}
\BOOKMARK [2][-]{subsection.1.2.1}{1.2.1 小小节1}{section.1.2}
\BOOKMARK [2][-]{subsection.1.2.2}{1.2.2 小小节2}{section.1.2}
\BOOKMARK [1][-]{section.1.3}{1.3 插图解释}{chapter.1}
\BOOKMARK [1][-]{section.1.4}{1.4 小节名2}{chapter.1}
\BOOKMARK [2][-]{subsection.1.4.1}{1.4.1 小小节1}{section.1.4}
\BOOKMARK [2][-]{subsection.1.4.2}{1.4.2 小小节2}{section.1.4}
\BOOKMARK [1][-]{section.1.5}{1.5 小节名2}{chapter.1}
\BOOKMARK [2][-]{subsection.1.5.1}{1.5.1 小小节1}{section.1.5}
\BOOKMARK [2][-]{subsection.1.5.2}{1.5.2 小小节2}{section.1.5}
\BOOKMARK [0][-]{chapter.2}{第二章 \040绪论}{}
\BOOKMARK [1][-]{section.2.1}{2.1 参考文献说明}{chapter.2}
\BOOKMARK [1][-]{section.2.2}{2.2 小节名2}{chapter.2}
\BOOKMARK [2][-]{subsection.2.2.1}{2.2.1 小小节1}{section.2.2}
\BOOKMARK [2][-]{subsection.2.2.2}{2.2.2 小小节2}{section.2.2}
\BOOKMARK [1][-]{section.2.3}{2.3 插图解释}{chapter.2}
\BOOKMARK [1][-]{section.2.4}{2.4 小节名2}{chapter.2}
\BOOKMARK [2][-]{subsection.2.4.1}{2.4.1 小小节1}{section.2.4}
\BOOKMARK [2][-]{subsection.2.4.2}{2.4.2 小小节2}{section.2.4}
\BOOKMARK [1][-]{section.2.5}{2.5 小节名2}{chapter.2}
\BOOKMARK [2][-]{subsection.2.5.1}{2.5.1 小小节1}{section.2.5}
\BOOKMARK [2][-]{subsection.2.5.2}{2.5.2 小小节2}{section.2.5}
\BOOKMARK [0][-]{appendix.A}{附录 A \040Maxwell Equations}{}
\BOOKMARK [0][-]{appendix*.7}{参考文献}{}
\BOOKMARK [0][-]{appendix*.8}{简 \040历}{}
\BOOKMARK [0][-]{appendix*.9}{致 \040谢}{}
\BOOKMARK [0][-]{appendix*.10}{攻读学位期间发表的学术论文目录}{}
